<?xml version="1.0" encoding="UTF-8"?>
<!-- Generated by org.testng.reporters.JUnitReportReporter -->
<testsuite hostname="IN-1PSZ9K3" failures="0" tests="2" name="pack1.Demo" time="17.044" errors="0" timestamp="2024-01-23T23:27:25 IST" skipped="0">
  <testcase classname="pack1.Demo" name="Test2" time="12.841"/>
  <system-out/>
  <testcase classname="pack1.Demo" name="Test1" time="4.203"/>
  <system-out/>
</testsuite> <!-- pack1.Demo -->
