<?xml version="1.0" encoding="UTF-8"?>
<!-- Generated by org.testng.reporters.JUnitReportReporter -->
<testsuite hostname="IN-1PSZ9K3" failures="0" tests="2" name="pack1.Demo" time="15.228" errors="0" timestamp="2024-01-23T23:28:43 IST" skipped="0">
  <testcase classname="pack1.Demo" name="Test1" time="3.316"/>
  <system-out/>
  <testcase classname="pack1.Demo" name="Test2" time="11.912"/>
  <system-out/>
</testsuite> <!-- pack1.Demo -->
